<?xml version="1.0" encoding="UTF-8"?>
<!-- Generated by org.testng.reporters.JUnitReportReporter -->
<testsuite hostname="DESKTOP-UQT3F1G" failures="0" tests="1" name="Assignment.HomePage" time="4.966" errors="0" timestamp="2020-07-01T19:46:44 IST" skipped="0">
  <testcase classname="Assignment.HomePage" name="Homepage" time="4.966"/>
  <system-out/>
</testsuite> <!-- Assignment.HomePage -->
