<?xml version="1.0" encoding="UTF-8"?>
<!-- Generated by org.testng.reporters.JUnitReportReporter -->
<testsuite hostname="DESKTOP-UQT3F1G" failures="0" tests="1" name="com.main.Testmain" time="73.333" errors="0" timestamp="2020-05-16T19:13:55 IST" skipped="0">
  <testcase classname="com.main.Testmain" name="testexecute" time="73.333"/>
  <system-out>
Whale watching link is present on the page  </system-out>
</testsuite> <!-- com.main.Testmain -->
