<?xml version="1.0" encoding="UTF-8"?>
<!-- Generated by org.testng.reporters.JUnitReportReporter -->
<testsuite hostname="DESKTOP-UQT3F1G" failures="0" tests="1" name="Assignment.textCheck" time="0.167" errors="0" timestamp="2020-07-01T18:43:13 IST" skipped="0">
  <testcase classname="Assignment.textCheck" name="textcheck" time="0.167"/>
  <system-out/>
</testsuite> <!-- Assignment.textCheck -->
